2026-04-30 19:58:03,226 INFO Saved preview image to /home/sparrow/pi-semester-calendar-onepage-refresh/logs/last-render.png
2026-04-30 19:58:14,568 INFO Sent render to Waveshare display.
2026-04-30 19:58:40,823 INFO Saved preview image to /home/sparrow/pi-semester-calendar-onepage-refresh/logs/last-render.png
2026-04-30 19:58:40,852 ERROR Update failed: Could not import a Waveshare 7.5-inch driver (epd7in5_V2 or epd7in5).
Traceback (most recent call last):
  File "/home/sparrow/pi-semester-calendar-onepage-refresh/display/update_display.py", line 347, in main
    send_to_waveshare(image)
    ~~~~~~~~~~~~~~~~~^^^^^^^
  File "/home/sparrow/pi-semester-calendar-onepage-refresh/display/update_display.py", line 321, in send_to_waveshare
    driver = import_waveshare_driver()
  File "/home/sparrow/pi-semester-calendar-onepage-refresh/display/update_display.py", line 317, in import_waveshare_driver
    raise ImportError("Could not import a Waveshare 7.5-inch driver (epd7in5_V2 or epd7in5).")
ImportError: Could not import a Waveshare 7.5-inch driver (epd7in5_V2 or epd7in5).
2026-04-30 19:59:23,377 INFO Saved preview image to /home/sparrow/pi-semester-calendar-onepage-refresh/logs/last-render.png
2026-04-30 19:59:34,768 INFO Sent render to Waveshare display.
2026-04-30 20:01:31,167 INFO Saved preview image to /home/sparrow/pi-semester-calendar-onepage-refresh/logs/last-render.png
2026-04-30 20:01:42,541 INFO Sent render to Waveshare display.
2026-04-30 20:07:26,878 INFO Saved preview image to /home/sparrow/pi-semester-calendar-onepage-refresh/logs/last-render.png
2026-04-30 20:07:38,246 INFO Sent render to Waveshare display.
2026-04-30 20:08:57,143 INFO Saved preview image to /home/sparrow/pi-semester-calendar-onepage-refresh/logs/last-render.png
2026-04-30 20:09:08,515 INFO Sent render to Waveshare display.
2026-04-30 20:11:05,723 INFO Saved preview image to /home/sparrow/pi-semester-calendar-onepage-refresh/logs/last-render.png
2026-04-30 20:11:17,095 INFO Sent render to Waveshare display.
2026-04-30 20:13:52,596 INFO Saved preview image to /home/sparrow/pi-semester-calendar-onepage-refresh/logs/last-render.png
2026-04-30 20:14:03,967 INFO Sent render to Waveshare display.
